  132_Daianu_Maria_Iuliana_OOP_Project.cpp
  chestRoom.cpp
  coin.cpp
C:\Users\maria\source\repos\132_Daianu_Maria_Iuliana_OOP_Project\132_Daianu_Maria_Iuliana_OOP_Project\coin.cpp(26,20): warning C4244: '=': conversion from 'const int' to 'float', possible loss of data
C:\Users\maria\source\repos\132_Daianu_Maria_Iuliana_OOP_Project\132_Daianu_Maria_Iuliana_OOP_Project\coin.cpp(27,20): warning C4244: '=': conversion from 'const int' to 'float', possible loss of data
  diamond.cpp
C:\Users\maria\source\repos\132_Daianu_Maria_Iuliana_OOP_Project\132_Daianu_Maria_Iuliana_OOP_Project\diamond.cpp(49,23): warning C4244: '=': conversion from 'const int' to 'float', possible loss of data
C:\Users\maria\source\repos\132_Daianu_Maria_Iuliana_OOP_Project\132_Daianu_Maria_Iuliana_OOP_Project\diamond.cpp(50,23): warning C4244: '=': conversion from 'const int' to 'float', possible loss of data
  GameManager.cpp
C:\Users\maria\source\repos\132_Daianu_Maria_Iuliana_OOP_Project\132_Daianu_Maria_Iuliana_OOP_Project\GameManager.cpp(71,32): warning C4838: conversion from 'int' to 'float' requires a narrowing conversion
C:\Users\maria\source\repos\132_Daianu_Maria_Iuliana_OOP_Project\132_Daianu_Maria_Iuliana_OOP_Project\GameManager.cpp(71,32): warning C4244: 'initializing': conversion from 'int' to 'float', possible loss of data
C:\Users\maria\source\repos\132_Daianu_Maria_Iuliana_OOP_Project\132_Daianu_Maria_Iuliana_OOP_Project\GameManager.cpp(79,3): error C2065: 'myObstacle': undeclared identifier
C:\Users\maria\source\repos\132_Daianu_Maria_Iuliana_OOP_Project\132_Daianu_Maria_Iuliana_OOP_Project\GameManager.cpp(87,31): warning C4838: conversion from 'int' to 'float' requires a narrowing conversion
C:\Users\maria\source\repos\132_Daianu_Maria_Iuliana_OOP_Project\132_Daianu_Maria_Iuliana_OOP_Project\GameManager.cpp(87,31): warning C4244: 'initializing': conversion from 'int' to 'float', possible loss of data
  labyrinthRoom.cpp
  obstacle.cpp
  player.cpp
C:\Users\maria\source\repos\132_Daianu_Maria_Iuliana_OOP_Project\132_Daianu_Maria_Iuliana_OOP_Project\player.cpp(8,15): warning C4244: '=': conversion from 'int' to 'float', possible loss of data
C:\Users\maria\source\repos\132_Daianu_Maria_Iuliana_OOP_Project\132_Daianu_Maria_Iuliana_OOP_Project\player.cpp(9,15): warning C4244: '=': conversion from 'int' to 'float', possible loss of data
C:\Users\maria\source\repos\132_Daianu_Maria_Iuliana_OOP_Project\132_Daianu_Maria_Iuliana_OOP_Project\player.cpp(63,13): warning C4244: 'initializing': conversion from 'float' to 'int', possible loss of data
C:\Users\maria\source\repos\132_Daianu_Maria_Iuliana_OOP_Project\132_Daianu_Maria_Iuliana_OOP_Project\player.cpp(64,13): warning C4244: 'initializing': conversion from 'float' to 'int', possible loss of data
C:\Users\maria\source\repos\132_Daianu_Maria_Iuliana_OOP_Project\132_Daianu_Maria_Iuliana_OOP_Project\player.cpp(70,16): warning C4244: '=': conversion from 'int' to 'float', possible loss of data
C:\Users\maria\source\repos\132_Daianu_Maria_Iuliana_OOP_Project\132_Daianu_Maria_Iuliana_OOP_Project\player.cpp(71,16): warning C4244: '=': conversion from 'int' to 'float', possible loss of data
C:\Users\maria\source\repos\132_Daianu_Maria_Iuliana_OOP_Project\132_Daianu_Maria_Iuliana_OOP_Project\player.cpp(97,52): warning C4244: 'argument': conversion from 'const float' to 'int', possible loss of data
C:\Users\maria\source\repos\132_Daianu_Maria_Iuliana_OOP_Project\132_Daianu_Maria_Iuliana_OOP_Project\player.cpp(97,40): warning C4244: 'argument': conversion from 'const float' to 'int', possible loss of data
  Generating Code...
